** Generated by AERSURFACE, Version 20060                         05/29/20 **
**                                                                09:22:44 **

** Title 1: Basic Example AERSURFACE control file
** Primary Site (Zo):
**   Center Latitude  (decimal degrees):    40.174440
**   Center Longitude (decimal degrees):  -103.214440
**   Datum: NAD83
** NLCD Version:  2016
** NLCD DataFile: 2016_R08_CO-UT\2016_R08_CO-UT_Land_Cover.tif
** MPRV Version:  2016
** MPRV DataFile: 2016_R08_CO-UT\2016_R08_CO-UT_Impervious.tif
** CNPY Version:  2016
** CNPY DataFile: 2016_R08_CO-UT\2016_R08_CO-UT_Canopy.tif
** Non-Airport Sector IDs: None
** Zo Method: ZORAD
** Zo Radius (m):   1000.0
** Continuous snow cover: Y
** Surface moisture: Average;  Arid: N
** Month/Season assignments: Default
** Late autumn after frost and harvest, or winter with no snow: 
** Winter with continuous snow on the ground: 1  2 12
** Transitional spring (partial green coverage, short annuals): 3  4  5
** Midsummer with lush vegetation: 6  7  8
** Autumn with unharvested cropland: 9 10 11


   FREQ_SECT  MONTHLY 12
   SECTOR   1    0.00   30.00
   SECTOR   2   30.00   60.00
   SECTOR   3   60.00   90.00
   SECTOR   4   90.00  120.00
   SECTOR   5  120.00  150.00
   SECTOR   6  150.00  180.00
   SECTOR   7  180.00  210.00
   SECTOR   8  210.00  240.00
   SECTOR   9  240.00  270.00
   SECTOR  10  270.00  300.00
   SECTOR  11  300.00  330.00
   SECTOR  12  330.00  360.00

**           Month    Sect    Alb      Bo        Zo
   SITE_CHAR    1       1     0.60     0.50     0.005
   SITE_CHAR    1       2     0.60     0.50     0.006
   SITE_CHAR    1       3     0.60     0.50     0.007
   SITE_CHAR    1       4     0.60     0.50     0.008
   SITE_CHAR    1       5     0.60     0.50     0.008
   SITE_CHAR    1       6     0.60     0.50     0.006
   SITE_CHAR    1       7     0.60     0.50     0.006
   SITE_CHAR    1       8     0.60     0.50     0.006
   SITE_CHAR    1       9     0.60     0.50     0.006
   SITE_CHAR    1      10     0.60     0.50     0.006
   SITE_CHAR    1      11     0.60     0.50     0.005
   SITE_CHAR    1      12     0.60     0.50     0.005
   SITE_CHAR    2       1     0.60     0.50     0.005
   SITE_CHAR    2       2     0.60     0.50     0.006
   SITE_CHAR    2       3     0.60     0.50     0.007
   SITE_CHAR    2       4     0.60     0.50     0.008
   SITE_CHAR    2       5     0.60     0.50     0.008
   SITE_CHAR    2       6     0.60     0.50     0.006
   SITE_CHAR    2       7     0.60     0.50     0.006
   SITE_CHAR    2       8     0.60     0.50     0.006
   SITE_CHAR    2       9     0.60     0.50     0.006
   SITE_CHAR    2      10     0.60     0.50     0.006
   SITE_CHAR    2      11     0.60     0.50     0.005
   SITE_CHAR    2      12     0.60     0.50     0.005
   SITE_CHAR    3       1     0.16     0.36     0.048
   SITE_CHAR    3       2     0.16     0.36     0.037
   SITE_CHAR    3       3     0.16     0.36     0.033
   SITE_CHAR    3       4     0.16     0.36     0.029
   SITE_CHAR    3       5     0.16     0.36     0.030
   SITE_CHAR    3       6     0.16     0.36     0.034
   SITE_CHAR    3       7     0.16     0.36     0.035
   SITE_CHAR    3       8     0.16     0.36     0.033
   SITE_CHAR    3       9     0.16     0.36     0.037
   SITE_CHAR    3      10     0.16     0.36     0.033
   SITE_CHAR    3      11     0.16     0.36     0.046
   SITE_CHAR    3      12     0.16     0.36     0.044
   SITE_CHAR    4       1     0.16     0.36     0.048
   SITE_CHAR    4       2     0.16     0.36     0.037
   SITE_CHAR    4       3     0.16     0.36     0.033
   SITE_CHAR    4       4     0.16     0.36     0.029
   SITE_CHAR    4       5     0.16     0.36     0.030
   SITE_CHAR    4       6     0.16     0.36     0.034
   SITE_CHAR    4       7     0.16     0.36     0.035
   SITE_CHAR    4       8     0.16     0.36     0.033
   SITE_CHAR    4       9     0.16     0.36     0.037
   SITE_CHAR    4      10     0.16     0.36     0.033
   SITE_CHAR    4      11     0.16     0.36     0.046
   SITE_CHAR    4      12     0.16     0.36     0.044
   SITE_CHAR    5       1     0.16     0.36     0.048
   SITE_CHAR    5       2     0.16     0.36     0.037
   SITE_CHAR    5       3     0.16     0.36     0.033
   SITE_CHAR    5       4     0.16     0.36     0.029
   SITE_CHAR    5       5     0.16     0.36     0.030
   SITE_CHAR    5       6     0.16     0.36     0.034
   SITE_CHAR    5       7     0.16     0.36     0.035
   SITE_CHAR    5       8     0.16     0.36     0.033
   SITE_CHAR    5       9     0.16     0.36     0.037
   SITE_CHAR    5      10     0.16     0.36     0.033
   SITE_CHAR    5      11     0.16     0.36     0.046
   SITE_CHAR    5      12     0.16     0.36     0.044
   SITE_CHAR    6       1     0.19     0.64     0.095
   SITE_CHAR    6       2     0.19     0.64     0.068
   SITE_CHAR    6       3     0.19     0.64     0.057
   SITE_CHAR    6       4     0.19     0.64     0.048
   SITE_CHAR    6       5     0.19     0.64     0.047
   SITE_CHAR    6       6     0.19     0.64     0.057
   SITE_CHAR    6       7     0.19     0.64     0.057
   SITE_CHAR    6       8     0.19     0.64     0.055
   SITE_CHAR    6       9     0.19     0.64     0.064
   SITE_CHAR    6      10     0.19     0.64     0.055
   SITE_CHAR    6      11     0.19     0.64     0.088
   SITE_CHAR    6      12     0.19     0.64     0.085
   SITE_CHAR    7       1     0.19     0.64     0.095
   SITE_CHAR    7       2     0.19     0.64     0.068
   SITE_CHAR    7       3     0.19     0.64     0.057
   SITE_CHAR    7       4     0.19     0.64     0.048
   SITE_CHAR    7       5     0.19     0.64     0.047
   SITE_CHAR    7       6     0.19     0.64     0.057
   SITE_CHAR    7       7     0.19     0.64     0.057
   SITE_CHAR    7       8     0.19     0.64     0.055
   SITE_CHAR    7       9     0.19     0.64     0.064
   SITE_CHAR    7      10     0.19     0.64     0.055
   SITE_CHAR    7      11     0.19     0.64     0.088
   SITE_CHAR    7      12     0.19     0.64     0.085
   SITE_CHAR    8       1     0.19     0.64     0.095
   SITE_CHAR    8       2     0.19     0.64     0.068
   SITE_CHAR    8       3     0.19     0.64     0.057
   SITE_CHAR    8       4     0.19     0.64     0.048
   SITE_CHAR    8       5     0.19     0.64     0.047
   SITE_CHAR    8       6     0.19     0.64     0.057
   SITE_CHAR    8       7     0.19     0.64     0.057
   SITE_CHAR    8       8     0.19     0.64     0.055
   SITE_CHAR    8       9     0.19     0.64     0.064
   SITE_CHAR    8      10     0.19     0.64     0.055
   SITE_CHAR    8      11     0.19     0.64     0.088
   SITE_CHAR    8      12     0.19     0.64     0.085
   SITE_CHAR    9       1     0.19     0.85     0.094
   SITE_CHAR    9       2     0.19     0.85     0.066
   SITE_CHAR    9       3     0.19     0.85     0.056
   SITE_CHAR    9       4     0.19     0.85     0.047
   SITE_CHAR    9       5     0.19     0.85     0.043
   SITE_CHAR    9       6     0.19     0.85     0.052
   SITE_CHAR    9       7     0.19     0.85     0.053
   SITE_CHAR    9       8     0.19     0.85     0.051
   SITE_CHAR    9       9     0.19     0.85     0.060
   SITE_CHAR    9      10     0.19     0.85     0.050
   SITE_CHAR    9      11     0.19     0.85     0.087
   SITE_CHAR    9      12     0.19     0.85     0.084
   SITE_CHAR   10       1     0.19     0.85     0.094
   SITE_CHAR   10       2     0.19     0.85     0.066
   SITE_CHAR   10       3     0.19     0.85     0.056
   SITE_CHAR   10       4     0.19     0.85     0.047
   SITE_CHAR   10       5     0.19     0.85     0.043
   SITE_CHAR   10       6     0.19     0.85     0.052
   SITE_CHAR   10       7     0.19     0.85     0.053
   SITE_CHAR   10       8     0.19     0.85     0.051
   SITE_CHAR   10       9     0.19     0.85     0.060
   SITE_CHAR   10      10     0.19     0.85     0.050
   SITE_CHAR   10      11     0.19     0.85     0.087
   SITE_CHAR   10      12     0.19     0.85     0.084
   SITE_CHAR   11       1     0.19     0.85     0.094
   SITE_CHAR   11       2     0.19     0.85     0.066
   SITE_CHAR   11       3     0.19     0.85     0.056
   SITE_CHAR   11       4     0.19     0.85     0.047
   SITE_CHAR   11       5     0.19     0.85     0.043
   SITE_CHAR   11       6     0.19     0.85     0.052
   SITE_CHAR   11       7     0.19     0.85     0.053
   SITE_CHAR   11       8     0.19     0.85     0.051
   SITE_CHAR   11       9     0.19     0.85     0.060
   SITE_CHAR   11      10     0.19     0.85     0.050
   SITE_CHAR   11      11     0.19     0.85     0.087
   SITE_CHAR   11      12     0.19     0.85     0.084
   SITE_CHAR   12       1     0.60     0.50     0.005
   SITE_CHAR   12       2     0.60     0.50     0.006
   SITE_CHAR   12       3     0.60     0.50     0.007
   SITE_CHAR   12       4     0.60     0.50     0.008
   SITE_CHAR   12       5     0.60     0.50     0.008
   SITE_CHAR   12       6     0.60     0.50     0.006
   SITE_CHAR   12       7     0.60     0.50     0.006
   SITE_CHAR   12       8     0.60     0.50     0.006
   SITE_CHAR   12       9     0.60     0.50     0.006
   SITE_CHAR   12      10     0.60     0.50     0.006
   SITE_CHAR   12      11     0.60     0.50     0.005
   SITE_CHAR   12      12     0.60     0.50     0.005
