CO STARTING
CO TITLEONE Aermod Basic Example
CO MODELOPT CONC
CO AVERTIME 3 24 PERIOD
CO POLLUTID CH4
CO ERRORFIL
CO RUNORNOT RUN
CO FINISHED
 
SO STARTING
SO INCLUDED ..\AERMAP\aermap_src.OUT
SO SRCPARAM s1 1 10 283.15 10 1
SO SRCGROUP ALL
SO FINISHED
 
RE STARTING
RE INCLUDED ..\AERMAP\aermap_rec.OUT
RE FINISHED
 
ME STARTING
ME SURFFILE ..\AERMET\AERMET.SFC
ME PROFFILE ..\AERMET\AERMET.PFL
ME SURFDATA 24015 2019 AKRON,CO
ME UAIRDATA 23062 2019 DENVER,CO
ME PROFBASE 1622 METERS
ME FINISHED
 
OU STARTING
OU RECTABLE ALLAVE 1ST 8TH
OU SUMMFILE basic_example.SUM
OU PLOTFILE 24 ALL 8TH basic_example.plt 31
OU FINISHED


  *** Message Summary For AERMOD Model Setup ***

  --------- Summary of Total Messages --------
  
 A Total of            0 Fatal Error Message(s)
 A Total of            1 Warning Message(s)
 A Total of            0 Informational Message(s)
  
  
    ******** FATAL ERROR MESSAGES ******** 
               ***  NONE  ***         
  
  
    ********   WARNING MESSAGES   ******** 
 CO W207       6       ERRFIL: No Parameters Specified. Default Values Will Used.     ERRORFIL

 ***********************************
 *** SETUP Finishes Successfully ***
 ***********************************

 *** AERMOD - VERSION  19191 ***   *** Aermod Basic Example                                                 ***        06/01/20
 *** AERMET - VERSION  19191 ***   ***                                                                      ***        12:14:47
                                                                                                                       PAGE   1
 *** MODELOPTs:    CONC  ELEV  RURAL

                                            ***     MODEL SETUP OPTIONS SUMMARY       ***
 - - - - - - - - - - - - - - - - - - - - - - - - - - - - - - - - - - - - - - - - - - - - - - - - - - - - - - - - - - - - - - -

 **Model Is Setup For Calculation of Average CONCentration Values.
  
   --  DEPOSITION LOGIC  --
 **NO GAS DEPOSITION Data Provided.
 **NO PARTICLE DEPOSITION Data Provided.
 **Model Uses NO DRY DEPLETION.  DRYDPLT  =  F
 **Model Uses NO WET DEPLETION.  WETDPLT  =  F
  
 **Model Uses RURAL Dispersion Only.
  
 **Model Allows User-Specified Options:
         1. Stack-tip Downwash.
         2. Model Accounts for ELEVated Terrain Effects.
         3. Use Calms Processing Routine.
         4. Use Missing Data Processing Routine.
         5. No Exponential Decay.
  
 **Other Options Specified:
         CCVR_Sub - Meteorological data includes CCVR substitutions
         TEMP_Sub - Meteorological data includes TEMP substitutions
  
 **Model Assumes No FLAGPOLE Receptor Heights.
  
 **The User Specified a Pollutant Type of:  CH4     
  
 **Model Calculates  2 Short Term Average(s) of:   3-HR  24-HR
     and Calculates PERIOD Averages
  
 **This Run Includes:      1 Source(s);       1 Source Group(s); and     108 Receptor(s)

                with:      1 POINT(s), including
                           0 POINTCAP(s) and      0 POINTHOR(s)
                 and:      0 VOLUME source(s)
                 and:      0 AREA type source(s)
                 and:      0 LINE source(s)
                 and:      0 RLINE/RLINEXT source(s)
                 and:      0 OPENPIT source(s)
                 and:      0 BUOYANT LINE source(s) with      0 line(s)

  
 **Model Set To Continue RUNning After the Setup Testing.

 **The AERMET Input Meteorological Data Version Date:  19191
  
 **Output Options Selected:
          Model Outputs Tables of PERIOD Averages by Receptor
          Model Outputs Tables of Highest Short Term Values by Receptor (RECTABLE Keyword)
          Model Outputs External File(s) of High Values for Plotting (PLOTFILE Keyword)
          Model Outputs Separate Summary File of High Ranked Values (SUMMFILE Keyword)
  
 **NOTE:  The Following Flags May Appear Following CONC Values:  c for Calm Hours
                                                                 m for Missing Hours
                                                                 b for Both Calm and Missing Hours
  
 **Misc. Inputs:  Base Elev. for Pot. Temp. Profile (m MSL) =  1622.00 ;  Decay Coef. =    0.000     ;  Rot. Angle =     0.0
                  Emission Units = GRAMS/SEC                                ;  Emission Rate Unit Factor =   0.10000E+07
                  Output Units   = MICROGRAMS/M**3                         
  
 **Approximate Storage Requirements of Model =      3.5 MB of RAM.
  
 **Input Runstream File:          aermod.inp                                                                                      
 **Output Print File:             aermod.out                                                                                      

 **Detailed Error/Message File:   ERRORS.LST                                                                                      
 **File for Summary of Results:   basic_example.SUM                                                                               
 *** AERMOD - VERSION  19191 ***   *** Aermod Basic Example                                                 ***        06/01/20
 *** AERMET - VERSION  19191 ***   ***                                                                      ***        12:14:47
                                                                                                                       PAGE   2
 *** MODELOPTs:    CONC  ELEV  RURAL


                                                  *** POINT SOURCE DATA ***

               NUMBER EMISSION RATE                    BASE     STACK   STACK    STACK     STACK    BLDG   URBAN  CAP/  EMIS RATE
   SOURCE       PART.  (GRAMS/SEC)     X        Y      ELEV.    HEIGHT  TEMP.   EXIT VEL. DIAMETER  EXISTS SOURCE HOR   SCALAR
     ID         CATS.               (METERS) (METERS) (METERS) (METERS) (DEG.K)  (M/SEC)  (METERS)                      VARY BY
 - - - - - - - - - - - - - - - - - - - - - - - - - - - - - - - - - - - - - - - - - - - - - - - - - - - - - - - - - - - - - - - - -

 S1               0   0.10000E+01  496620.0 4425340.0  1621.5    10.00   283.15    10.00     1.00    NO      NO    NO         
 *** AERMOD - VERSION  19191 ***   *** Aermod Basic Example                                                 ***        06/01/20
 *** AERMET - VERSION  19191 ***   ***                                                                      ***        12:14:47
                                                                                                                       PAGE   3
 *** MODELOPTs:    CONC  ELEV  RURAL


                                           *** SOURCE IDs DEFINING SOURCE GROUPS ***

 SRCGROUP ID                                              SOURCE IDs
 -----------                                              ----------


  ALL        S1          ,
 *** AERMOD - VERSION  19191 ***   *** Aermod Basic Example                                                 ***        06/01/20
 *** AERMET - VERSION  19191 ***   ***                                                                      ***        12:14:47
                                                                                                                       PAGE   4
 *** MODELOPTs:    CONC  ELEV  RURAL

                                        *** GRIDDED RECEPTOR NETWORK SUMMARY ***

                                  *** NETWORK ID: NET1     ;  NETWORK TYPE: GRIDPOLR ***

                                          *** ORIGIN FOR POLAR NETWORK ***
                                X-ORIG = 496620.00 ;   Y-ORIG = 4425340.00  (METERS)

                                          *** DISTANCE RANGES OF NETWORK ***
                                                    (METERS)

          250.0,     500.0,     750.0,

                                          *** DIRECTION RADIALS OF NETWORK *** 
                                                    (DEGREES)

          360.0,      10.0,      20.0,      30.0,      40.0,      50.0,      60.0,      70.0,      80.0,      90.0,
          100.0,     110.0,     120.0,     130.0,     140.0,     150.0,     160.0,     170.0,     180.0,     190.0,
          200.0,     210.0,     220.0,     230.0,     240.0,     250.0,     260.0,     270.0,     280.0,     290.0,
          300.0,     310.0,     320.0,     330.0,     340.0,     350.0,
 *** AERMOD - VERSION  19191 ***   *** Aermod Basic Example                                                 ***        06/01/20
 *** AERMET - VERSION  19191 ***   ***                                                                      ***        12:14:47
                                                                                                                       PAGE   5
 *** MODELOPTs:    CONC  ELEV  RURAL

                                  *** NETWORK ID: NET1     ;  NETWORK TYPE: GRIDPOLR ***

                                                * ELEVATION HEIGHTS IN METERS *

   DIRECTION |                                                DISTANCE (METERS)
   (DEGREES) |        250.00       500.00       750.00
 - - - - - - - - - - - - - - - - - - - - - - - - - - - - - - - - - - - - - - - - - - - - - - - - - - - - - - - - - - - - - - - - - -

      360.00 |       1613.00      1614.90      1605.80
       10.00 |       1613.20      1613.90      1607.60
       20.00 |       1612.50      1614.30      1607.80
       30.00 |       1621.50      1616.90      1606.10
       40.00 |       1625.00      1615.50      1611.40
       50.00 |       1627.20      1618.20      1613.50
       60.00 |       1627.90      1621.80      1620.40
       70.00 |       1629.00      1625.40      1618.20
       80.00 |       1630.90      1622.40      1628.30
       90.00 |       1629.40      1632.30      1635.60
      100.00 |       1632.30      1635.10      1642.10
      110.00 |       1632.50      1639.60      1650.10
      120.00 |       1634.00      1642.20      1665.80
      130.00 |       1629.30      1639.90      1662.30
      140.00 |       1623.40      1634.80      1649.70
      150.00 |       1627.00      1634.40      1645.40
      160.00 |       1625.60      1637.80      1641.80
      170.00 |       1622.00      1633.60      1632.30
      180.00 |       1623.80      1633.40      1626.80
      190.00 |       1624.30      1627.60      1619.30
      200.00 |       1624.60      1622.90      1613.80
      210.00 |       1624.60      1615.80      1612.60
      220.00 |       1622.70      1606.10      1617.60
      230.00 |       1619.80      1610.40      1604.50
      240.00 |       1616.60      1608.00      1608.70
      250.00 |       1611.40      1607.70      1600.70
      260.00 |       1604.50      1602.50      1594.30
      270.00 |       1607.60      1598.00      1599.00
      280.00 |       1614.00      1608.70      1603.90
      290.00 |       1617.50      1610.90      1599.80
      300.00 |       1614.70      1608.10      1602.90
      310.00 |       1611.60      1610.10      1603.60
      320.00 |       1612.10      1611.40      1602.10
      330.00 |       1612.40      1611.00      1605.20
      340.00 |       1612.60      1614.70      1603.50
      350.00 |       1612.60      1615.00      1605.30
 *** AERMOD - VERSION  19191 ***   *** Aermod Basic Example                                                 ***        06/01/20
 *** AERMET - VERSION  19191 ***   ***                                                                      ***        12:14:47
                                                                                                                       PAGE   6
 *** MODELOPTs:    CONC  ELEV  RURAL

                                  *** NETWORK ID: NET1     ;  NETWORK TYPE: GRIDPOLR ***

                                                * HILL HEIGHT SCALES IN METERS *

   DIRECTION |                                                DISTANCE (METERS)
   (DEGREES) |        250.00       500.00       750.00
 - - - - - - - - - - - - - - - - - - - - - - - - - - - - - - - - - - - - - - - - - - - - - - - - - - - - - - - - - - - - - - - - - -

      360.00 |       1622.90      1614.90      1605.80
       10.00 |       1633.00      1613.90      1607.60
       20.00 |       1633.00      1615.60      1607.80
       30.00 |       1624.60      1616.90      1618.60
       40.00 |       1625.00      1621.70      1611.40
       50.00 |       1631.10      1624.50      1618.50
       60.00 |       1627.90      1625.00      1624.10
       70.00 |       1629.00      1627.70      1618.20
       80.00 |       1630.90      1636.20      1634.60
       90.00 |       1629.40      1635.50      1635.60
      100.00 |       1632.30      1664.40      1663.70
      110.00 |       1638.50      1666.30      1666.30
      120.00 |       1637.00      1666.40      1665.80
      130.00 |       1638.10      1666.50      1663.60
      140.00 |       1639.10      1666.50      1657.70
      150.00 |       1627.00      1634.40      1645.40
      160.00 |       1627.70      1637.80      1641.80
      170.00 |       1632.00      1636.70      1636.70
      180.00 |       1630.60      1633.40      1628.30
      190.00 |       1627.80      1632.10      1631.80
      200.00 |       1625.10      1629.00      1628.40
      210.00 |       1624.60      1626.40      1628.00
      220.00 |       1622.70      1628.60      1617.60
      230.00 |       1621.50      1616.10      1617.60
      240.00 |       1621.00      1617.70      1609.90
      250.00 |       1621.50      1618.70      1601.50
      260.00 |       1623.80      1619.10      1596.30
      270.00 |       1618.30      1618.80      1604.40
      280.00 |       1614.80      1609.20      1606.20
      290.00 |       1617.50      1611.50      1604.30
      300.00 |       1618.60      1608.10      1602.90
      310.00 |       1619.00      1610.10      1603.60
      320.00 |       1612.10      1611.40      1602.10
      330.00 |       1612.40      1614.40      1605.20
      340.00 |       1612.60      1614.70      1603.50
      350.00 |       1612.60      1615.00      1605.30
 *** AERMOD - VERSION  19191 ***   *** Aermod Basic Example                                                 ***        06/01/20
 *** AERMET - VERSION  19191 ***   ***                                                                      ***        12:14:47
                                                                                                                       PAGE   7
 *** MODELOPTs:    CONC  ELEV  RURAL

                                            *** METEOROLOGICAL DAYS SELECTED FOR PROCESSING ***
                                                               (1=YES; 0=NO)

            1 1 1 1 1 1 1 1 1 1   1 1 1 1 1 1 1 1 1 1   1 1 1 1 1 1 1 1 1 1   1 1 1 1 1 1 1 1 1 1   1 1 1 1 1 1 1 1 1 1
            1 1 1 1 1 1 1 1 1 1   1 1 1 1 1 1 1 1 1 1   1 1 1 1 1 1 1 1 1 1   1 1 1 1 1 1 1 1 1 1   1 1 1 1 1 1 1 1 1 1
            1 1 1 1 1 1 1 1 1 1   1 1 1 1 1 1 1 1 1 1   1 1 1 1 1 1 1 1 1 1   1 1 1 1 1 1 1 1 1 1   1 1 1 1 1 1 1 1 1 1
            1 1 1 1 1 1 1 1 1 1   1 1 1 1 1 1 1 1 1 1   1 1 1 1 1 1 1 1 1 1   1 1 1 1 1 1 1 1 1 1   1 1 1 1 1 1 1 1 1 1
            1 1 1 1 1 1 1 1 1 1   1 1 1 1 1 1 1 1 1 1   1 1 1 1 1 1 1 1 1 1   1 1 1 1 1 1 1 1 1 1   1 1 1 1 1 1 1 1 1 1
            1 1 1 1 1 1 1 1 1 1   1 1 1 1 1 1 1 1 1 1   1 1 1 1 1 1 1 1 1 1   1 1 1 1 1 1 1 1 1 1   1 1 1 1 1 1 1 1 1 1
            1 1 1 1 1 1 1 1 1 1   1 1 1 1 1 1 1 1 1 1   1 1 1 1 1 1 1 1 1 1   1 1 1 1 1 1 1 1 1 1   1 1 1 1 1 1 1 1 1 1
            1 1 1 1 1 1 1 1 1 1   1 1 1 1 1

                NOTE:  METEOROLOGICAL DATA ACTUALLY PROCESSED WILL ALSO DEPEND ON WHAT IS INCLUDED IN THE DATA FILE.



                                  *** UPPER BOUND OF FIRST THROUGH FIFTH WIND SPEED CATEGORIES ***
                                                            (METERS/SEC)

                                                 1.54,   3.09,   5.14,   8.23,  10.80,
 *** AERMOD - VERSION  19191 ***   *** Aermod Basic Example                                                 ***        06/01/20
 *** AERMET - VERSION  19191 ***   ***                                                                      ***        12:14:47
                                                                                                                       PAGE   8
 *** MODELOPTs:    CONC  ELEV  RURAL

                                    *** UP TO THE FIRST 24 HOURS OF METEOROLOGICAL DATA ***

   Surface file:   ..\AERMET\AERMET.SFC                                                               Met Version:  19191
   Profile file:   ..\AERMET\AERMET.PFL                                                            
   Surface format: FREE                                                                                                     
   Profile format: FREE                                                                                                     
   Surface station no.:    24015                  Upper air station no.:    23062
                  Name: AKRON,CO                                   Name: DENVER,CO                               
                  Year:   2019                                     Year:   2019

 First 24 hours of scalar data
 YR MO DY JDY HR     H0     U*     W*  DT/DZ ZICNV ZIMCH  M-O LEN    Z0  BOWEN ALBEDO  REF WS   WD     HT  REF TA     HT
- - - - - - - - - - - - - - - - - - - - - - - - - - - - - - - - - - - - - - - - - - - - - - - - - - - - - - - - - - - - - 
 19 03 01  60 01  -24.8  0.250 -9.000 -9.000 -999.  300.     48.1  0.03   0.36   1.00    4.21  158.   10.0  270.9    2.0
 19 03 01  60 02  -15.4  0.155 -9.000 -9.000 -999.  151.     18.5  0.03   0.36   1.00    3.27  232.   10.0  270.9    2.0
 19 03 01  60 03  -34.9  0.352 -9.000 -9.000 -999.  500.     94.7  0.03   0.36   1.00    5.49  272.   10.0  270.4    2.0
 19 03 01  60 04  -37.1  0.378 -9.000 -9.000 -999.  558.    110.6  0.03   0.36   1.00    5.83  271.   10.0  273.1    2.0
 19 03 01  60 05  -32.7  0.333 -9.000 -9.000 -999.  462.     85.6  0.04   0.36   1.00    5.15  269.   10.0  272.5    2.0
 19 03 01  60 06  -35.4  0.358 -9.000 -9.000 -999.  514.     98.5  0.03   0.36   1.00    5.57  272.   10.0  271.4    2.0
 19 03 01  60 07  -25.4  0.341 -9.000 -9.000 -999.  478.    118.2  0.03   0.36   1.00    5.23  274.   10.0  271.4    2.0
 19 03 01  60 08  -41.1  0.416 -9.000 -9.000 -999.  644.    133.6  0.03   0.36   1.00    6.34  279.   10.0  272.0    2.0
 19 03 01  60 09    4.4  0.398  0.146  0.005   21.  604.  -1094.9  0.03   0.36   0.37    5.66  295.   10.0  273.8    2.0
 19 03 01  60 10   34.9  0.572  0.416  0.005   63. 1037.   -407.8  0.05   0.36   0.23    7.57  325.   10.0  277.0    2.0
 19 03 01  60 11   12.9  0.851  0.310  0.005   70. 1881.  -3638.4  0.04   0.36   0.19   11.52  349.   10.0  279.9    2.0
 19 03 01  60 12   17.3  1.001  0.355  0.005   79. 2392.  -4419.4  0.04   0.36   0.18   13.56  354.   10.0  275.9    2.0
 19 03 01  60 13   19.9  0.879  0.386  0.005   88. 2009.  -2609.8  0.04   0.36   0.17   11.90  357.   10.0  276.4    2.0
 19 03 01  60 14   89.6  0.749  1.002  0.005  343. 1587.   -359.0  0.05   0.36   0.17    9.82   11.   10.0  276.4    2.0
 19 03 01  60 15   81.2  0.604  1.219  0.005  682. 1157.   -207.7  0.05   0.36   0.17    7.83   21.   10.0  277.0    2.0
 19 03 01  60 16   63.7  0.441  1.221  0.005  875.  732.   -102.8  0.04   0.36   0.19    5.87   42.   10.0  277.5    2.0
 19 03 01  60 17   37.9  0.460  1.063  0.005  969.  748.   -195.9  0.03   0.36   0.22    6.38   87.   10.0  277.0    2.0
 19 03 01  60 18    9.1  0.389  0.664  0.005  981.  586.   -492.0  0.03   0.36   0.33    5.61  105.   10.0  274.2    2.0
 19 03 01  60 19  -24.7  0.340 -9.000 -9.000 -999.  478.    121.9  0.03   0.36   0.66    5.32  112.   10.0  271.4    2.0
 19 03 01  60 20  -19.2  0.384 -9.000 -9.000 -999.  571.    226.2  0.03   0.36   1.00    5.79  123.   10.0  270.9    2.0
 19 03 01  60 21  -24.3  0.486 -9.000 -9.000 -999.  813.    362.7  0.03   0.36   1.00    7.23  135.   10.0  270.9    2.0
 19 03 01  60 22  -22.4  0.447 -9.000 -9.000 -999.  720.    306.3  0.03   0.36   1.00    6.68  137.   10.0  270.4    2.0
 19 03 01  60 23  -25.7  0.513 -9.000 -9.000 -999.  880.    402.8  0.03   0.36   1.00    7.61  134.   10.0  270.4    2.0
 19 03 01  60 24  -27.3  0.546 -9.000 -9.000 -999.  967.    456.4  0.03   0.36   1.00    8.08  130.   10.0  270.4    2.0


 First hour of profile data
 YR MO DY HR HEIGHT F  WDIR    WSPD AMB_TMP sigmaA  sigmaW  sigmaV
 19 03 01 01   10.0 1  158.    4.21   271.0   99.0  -99.00  -99.00

 F indicates top of profile (=1) or below (=0)
 *** AERMOD - VERSION  19191 ***   *** Aermod Basic Example                                                 ***        06/01/20
 *** AERMET - VERSION  19191 ***   ***                                                                      ***        12:14:47
                                                                                                                       PAGE   9
 *** MODELOPTs:    CONC  ELEV  RURAL

                              *** THE PERIOD (  3696 HRS) AVERAGE CONCENTRATION   VALUES FOR SOURCE GROUP: ALL      ***
                                  INCLUDING SOURCE(S):     S1          , 

                                   *** NETWORK ID: NET1     ;  NETWORK TYPE: GRIDPOLR ***

                                        ** CONC OF CH4      IN MICROGRAMS/M**3                          **

   DIRECTION |                                                DISTANCE (METERS)
   (DEGREES) |        250.00       500.00       750.00
 - - - - - - - - - - - - - - - - - - - - - - - - - - - - - - - - - - - - - - - - - - - - - - - - - - - - - - - - - - - - - - - - - -

      360.00 |       3.95600      1.80381      0.94431
       10.00 |       3.84118      1.81046      1.02972
       20.00 |       3.82397      1.87922      1.06507
       30.00 |       4.38332      1.65074      0.81614
       40.00 |       3.54790      1.45175      0.81963
       50.00 |       3.33160      1.42076      0.76704
       60.00 |       3.63158      1.67584      0.92745
       70.00 |       4.51015      1.92802      1.09143
       80.00 |       4.74714      2.05727      1.08970
       90.00 |       4.71138      1.95198      1.04734
      100.00 |       4.47124      1.74975      0.94754
      110.00 |       3.49118      1.26606      0.52553
      120.00 |       2.88377      0.96311      0.29393
      130.00 |       3.44576      1.04407      0.36357
      140.00 |       3.55509      1.20665      0.49358
      150.00 |       3.51119      1.16268      0.50378
      160.00 |       3.98857      1.31166      0.64161
      170.00 |       4.63449      1.66027      0.89397
      180.00 |       4.17945      1.43299      0.77548
      190.00 |       3.43589      1.26519      0.69302
      200.00 |       2.76181      1.08344      0.53170
      210.00 |       2.43732      0.91995      0.48373
      220.00 |       2.40135      0.84499      0.54328
      230.00 |       2.13183      0.77091      0.41966
      240.00 |       1.88670      0.69883      0.40198
      250.00 |       2.17793      0.85880      0.45416
      260.00 |       2.80990      1.18629      0.66544
      270.00 |       3.65262      1.69879      1.05397
      280.00 |       4.22919      1.97545      1.17073
      290.00 |       4.18026      1.77798      1.02504
      300.00 |       3.99665      1.72802      1.01431
      310.00 |       4.22128      1.91398      1.09755
      320.00 |       4.19601      1.90948      1.11269
      330.00 |       4.28404      1.90574      1.09600
      340.00 |       4.49232      2.02669      1.06667
      350.00 |       4.24454      1.96991      1.04902
 *** AERMOD - VERSION  19191 ***   *** Aermod Basic Example                                                 ***        06/01/20
 *** AERMET - VERSION  19191 ***   ***                                                                      ***        12:14:47
                                                                                                                       PAGE  10
 *** MODELOPTs:    CONC  ELEV  RURAL

                              *** THE   1ST HIGHEST  3-HR AVERAGE CONCENTRATION   VALUES FOR SOURCE GROUP:  ALL      ***
                                  INCLUDING SOURCE(S):     S1          , 

                                   *** NETWORK ID: NET1     ;  NETWORK TYPE: GRIDPOLR ***

                                        ** CONC OF CH4      IN MICROGRAMS/M**3                          **

 DIRECTION |                                                  DISTANCE (METERS)
 (DEGREES) |          250.00                  500.00                  750.00
 - - - - - - - - - - - - - - - - - - - - - - - - - - - - - - - - - - - - - - - - - - - - - - - - - - - - - - - - - - - - - - - - - -

     360.0 |     94.62654 (19071803)     54.37865 (19071803)     34.68542 (19051424)
      10.0 |    103.15576 (19061003)     57.46237 (19061003)     40.37629 (19051321)
      20.0 |    131.60548 (19053024)     89.00821 (19053024)     55.23348 (19053024)
      30.0 |    125.13068 (19073106)     52.45496 (19053103)     27.39487 (19053103)
      40.0 |    115.14843 (19040721)     53.12434 (19040721)     52.07045 (19060524)
      50.0 |    107.47984 (19053106)     62.00692 (19053106)     37.99748 (19053106)
      60.0 |    128.97779 (19061324)     75.59836 (19061324)     56.51330 (19061324)
      70.0 |    163.56129 (19062806)     68.72216 (19040803)     48.79908 (19062806)
      80.0 |    176.72221 (19061821)     54.58069 (19061821)     41.63944 (19061821)
      90.0 |    198.89894 (19061603)    109.67867 (19061603)     50.48167 (19072506)
     100.0 |    188.47583 (19061824)     58.45227 (19071006)     44.52769 (19030806)
     110.0 |    133.60180 (19062906)     59.02705 (19032321)     15.54172 (19053124)
     120.0 |    176.47486 (19060106)     58.08207 (19031924)     14.11512 (19062203)
     130.0 |    171.02239 (19060103)     44.57379 (19063024)     16.61277 (19063024)
     140.0 |    113.29811 (19072106)     43.64985 (19072106)     24.00761 (19031903)
     150.0 |    136.99785m(19080109)     68.06965m(19080109)     33.24217m(19080109)
     160.0 |    107.41827 (19061124)     64.65620 (19062306)     21.79975 (19062306)
     170.0 |    107.69358 (19080106)    102.65837 (19061124)     72.69065 (19061124)
     180.0 |    114.18255 (19070124)     67.24722 (19062924)     48.64432 (19062924)
     190.0 |    107.14949 (19061806)     60.92657 (19061806)     40.01430 (19042621)
     200.0 |    133.66309 (19072024)     60.25060 (19072024)     30.58902 (19072024)
     210.0 |    102.58531 (19072103)     50.40070 (19072103)     30.59027 (19072103)
     220.0 |     90.87146 (19072103)     41.92557 (19061324)     39.32125 (19061324)
     230.0 |    103.27220 (19061809)     33.97324 (19061809)     17.82484 (19061809)
     240.0 |     72.18997 (19061809)     45.36302 (19040421)     53.41593 (19040421)
     250.0 |     74.07995 (19061724)     33.92868 (19032821)     19.63682 (19032821)
     260.0 |     88.08188 (19071606)     41.80646 (19071606)     30.09293 (19062224)
     270.0 |     88.39470 (19070603)     51.89134 (19070603)     48.22621 (19070121)
     280.0 |    141.00546 (19072124)     91.06332 (19070524)     65.18219 (19063003)
     290.0 |     77.28375 (19070221)     45.72735 (19061803)     47.75538 (19072709)
     300.0 |     95.17644 (19061806)     67.44984 (19061806)     51.67643c(19072706)
     310.0 |     98.77230 (19072906)     90.48591 (19072824)     70.82486 (19072824)
     320.0 |     83.99140 (19062621)     49.60814 (19062621)     49.70794 (19080103)
     330.0 |     78.24580 (19032621)     49.91190 (19061521)     54.92548 (19061521)
     340.0 |    113.87972 (19070803)     56.06305 (19070803)     43.76658 (19042421)
     350.0 |     88.42417 (19071803)     77.45989 (19060924)     70.74985 (19060924)
 *** AERMOD - VERSION  19191 ***   *** Aermod Basic Example                                                 ***        06/01/20
 *** AERMET - VERSION  19191 ***   ***                                                                      ***        12:14:47
                                                                                                                       PAGE  11
 *** MODELOPTs:    CONC  ELEV  RURAL

                              *** THE   8TH HIGHEST  3-HR AVERAGE CONCENTRATION   VALUES FOR SOURCE GROUP:  ALL      ***
                                  INCLUDING SOURCE(S):     S1          , 

                                   *** NETWORK ID: NET1     ;  NETWORK TYPE: GRIDPOLR ***

                                        ** CONC OF CH4      IN MICROGRAMS/M**3                          **

 DIRECTION |                                                  DISTANCE (METERS)
 (DEGREES) |          250.00                  500.00                  750.00
 - - - - - - - - - - - - - - - - - - - - - - - - - - - - - - - - - - - - - - - - - - - - - - - - - - - - - - - - - - - - - - - - - -

     360.0 |     68.22209 (19040903)     32.98451 (19040503)     16.64237 (19040503)
      10.0 |     65.91297 (19040906)     33.82656 (19040503)     23.52160 (19051324)
      20.0 |     60.08245 (19073106)     36.82037 (19041506)     25.15315m(19053021)
      30.0 |     80.83101 (19062421)     35.85796 (19041906)     19.50302 (19060203)
      40.0 |     73.29332 (19051324)     30.98592 (19052403)     18.48260 (19061421)
      50.0 |     61.44888 (19061421)     29.85342 (19062606)     16.41766 (19070824)
      60.0 |     61.07033 (19060403)     34.16825 (19040406)     21.12636 (19040406)
      70.0 |     90.49220 (19070906)     37.74593 (19061606)     22.26963 (19070906)
      80.0 |     77.42048 (19072803)     36.37011 (19051403)     23.15110 (19032709)
      90.0 |     78.06592 (19030106)     38.08064 (19062903)     21.00472 (19062903)
     100.0 |     77.73320 (19060603)     33.16354 (19061106)     20.53165 (19032709)
     110.0 |     60.83741 (19072006)     28.46718 (19041803)     12.92772 (19042224)
     120.0 |     60.45247 (19040624)     27.53445 (19031424)      7.26514 (19062906)
     130.0 |     72.62144 (19062203)     26.25045 (19033006)     10.13018 (19040624)
     140.0 |     61.60079 (19062203)     26.71767 (19062306)     10.72445 (19041806)
     150.0 |     47.60907 (19062203)     19.35505 (19032324)      8.60600 (19031421)
     160.0 |     58.07130 (19052709)     25.34356 (19062924)     13.80323 (19062924)
     170.0 |     64.46028 (19062806)     29.95296 (19052821)     17.41086 (19052221)
     180.0 |     54.42719 (19050824)     22.23941 (19061806)     15.72058 (19080106)
     190.0 |     59.92896 (19072024)     26.05034 (19061121)     14.90210 (19052309)
     200.0 |     58.40874 (19070506)     22.45586 (19070506)     10.98059 (19070506)
     210.0 |     50.54672 (19070121)     17.84822 (19052424)     11.85659 (19030306)
     220.0 |     55.20678 (19070924)     22.43521 (19070921)     16.48937 (19070424)
     230.0 |     41.55506 (19070921)     18.04763 (19062124)     11.90213 (19031721)
     240.0 |     41.37799 (19032821)     18.46993 (19032821)     10.70473 (19032821)
     250.0 |     40.17957 (19060521)     15.79424 (19060521)      9.82607 (19040324)
     260.0 |     53.85451 (19052606)     21.43386 (19060521)     14.12226 (19071921)
     270.0 |     69.32697 (19050606)     34.59022 (19062503)     24.88093 (19073124)
     280.0 |     78.77938 (19052606)     37.04716 (19051624)     23.66824 (19060224)
     290.0 |     64.41306 (19072121)     33.68135 (19051624)     23.33035 (19042021)
     300.0 |     55.75950 (19052524)     29.39444 (19060524)     21.92730 (19060324)
     310.0 |     66.22943 (19072224)     30.80659 (19032121)     19.97181c(19072706)
     320.0 |     59.80715 (19060303)     29.44589 (19032121)     22.29577 (19060524)
     330.0 |     55.83116 (19072621)     24.78133 (19060924)     17.00119 (19070103)
     340.0 |     56.96848 (19032206)     30.88289 (19070206)     17.91846 (19070206)
     350.0 |     58.52314 (19061306)     30.55677 (19071103)     16.74327 (19071524)
 *** AERMOD - VERSION  19191 ***   *** Aermod Basic Example                                                 ***        06/01/20
 *** AERMET - VERSION  19191 ***   ***                                                                      ***        12:14:47
                                                                                                                       PAGE  12
 *** MODELOPTs:    CONC  ELEV  RURAL

                              *** THE   1ST HIGHEST 24-HR AVERAGE CONCENTRATION   VALUES FOR SOURCE GROUP:  ALL      ***
                                  INCLUDING SOURCE(S):     S1          , 

                                   *** NETWORK ID: NET1     ;  NETWORK TYPE: GRIDPOLR ***

                                        ** CONC OF CH4      IN MICROGRAMS/M**3                          **

 DIRECTION |                                                  DISTANCE (METERS)
 (DEGREES) |          250.00                  500.00                  750.00
 - - - - - - - - - - - - - - - - - - - - - - - - - - - - - - - - - - - - - - - - - - - - - - - - - - - - - - - - - - - - - - - - - -

     360.0 |     26.30290m(19040924)     11.82582m(19040924)      5.93280m(19040924)
      10.0 |     32.02637 (19072424)     14.83186 (19061024)      9.69464 (19051324)
      20.0 |     25.99437 (19051524)     20.22333m(19053024)     13.41477m(19053024)
      30.0 |     34.86549 (19041924)     15.82215 (19041924)      8.38397 (19041924)
      40.0 |     26.41160 (19053124)     10.56867 (19053124)      6.57421 (19060524)
      50.0 |     31.69992 (19061424)     15.07187 (19061424)     10.02036 (19061424)
      60.0 |     19.15831 (19053124)     10.75872 (19053124)      7.11310 (19061324)
      70.0 |     27.02409 (19051624)     13.97043 (19040824)      8.05280 (19040824)
      80.0 |     33.85580 (19051424)     15.26302 (19051424)      8.24835 (19051424)
      90.0 |     27.89144 (19061624)     14.63131 (19061624)      6.42981 (19072524)
     100.0 |     28.22494 (19061524)     10.97916 (19061524)      7.39859 (19030424)
     110.0 |     23.24527 (19061524)      8.12663 (19061524)      3.49207 (19061524)
     120.0 |     25.55743 (19060124)      7.88203 (19031924)      2.28167 (19040624)
     130.0 |     30.58735 (19060124)      7.78796 (19031924)      3.00173 (19031924)
     140.0 |     19.33830 (19062224)      9.50881 (19031924)      4.87700 (19031924)
     150.0 |     24.48879 (19040624)     11.39873m(19080124)      5.54995m(19080124)
     160.0 |     20.58937 (19040624)      9.39830 (19062324)      4.61636 (19052224)
     170.0 |     29.97194 (19062124)     14.53758 (19061124)      9.86872 (19061124)
     180.0 |     32.39895 (19050824)     12.92620 (19062924)      9.03207 (19062924)
     190.0 |     22.57921 (19050824)     10.50830 (19052524)      6.35213 (19052524)
     200.0 |     24.49117 (19072024)      9.92744 (19072024)      4.91387 (19072024)
     210.0 |     17.68214 (19072124)      7.61214 (19072124)      4.35463 (19072124)
     220.0 |     20.70227 (19072124)      8.95219m(19041224)      7.03700m(19041224)
     230.0 |     15.15000 (19061824)      4.88186 (19061824)      2.96153m(19041224)
     240.0 |     18.76301 (19032824)      6.86351 (19032824)      6.71712 (19040424)
     250.0 |     18.01347 (19032824)      8.15151 (19032824)      4.84213 (19032824)
     260.0 |     20.35007 (19050624)      7.50827 (19050624)      3.90847 (19062224)
     270.0 |     27.75633 (19050624)     10.01631 (19050624)      7.12474m(19080124)
     280.0 |     29.29056 (19070524)     15.92169 (19070524)      9.75285 (19070524)
     290.0 |     22.51075 (19032924)      8.90020m(19073124)      7.31659c(19072724)
     300.0 |     33.51094 (19072224)     17.04233 (19061824)     11.89771 (19061824)
     310.0 |     40.48783 (19072224)     15.42499 (19072224)     11.00246 (19072824)
     320.0 |     24.14858 (19072224)     10.54638 (19062624)      8.32191m(19080124)
     330.0 |     26.84404 (19072324)     11.76804 (19032224)      6.92748 (19061524)
     340.0 |     30.71106 (19032224)     15.67090 (19032224)      8.04725 (19032224)
     350.0 |     21.18254 (19071124)     10.06744 (19070324)      8.88087 (19060924)
 *** AERMOD - VERSION  19191 ***   *** Aermod Basic Example                                                 ***        06/01/20
 *** AERMET - VERSION  19191 ***   ***                                                                      ***        12:14:47
                                                                                                                       PAGE  13
 *** MODELOPTs:    CONC  ELEV  RURAL

                              *** THE   8TH HIGHEST 24-HR AVERAGE CONCENTRATION   VALUES FOR SOURCE GROUP:  ALL      ***
                                  INCLUDING SOURCE(S):     S1          , 

                                   *** NETWORK ID: NET1     ;  NETWORK TYPE: GRIDPOLR ***

                                        ** CONC OF CH4      IN MICROGRAMS/M**3                          **

 DIRECTION |                                                  DISTANCE (METERS)
 (DEGREES) |          250.00                  500.00                  750.00
 - - - - - - - - - - - - - - - - - - - - - - - - - - - - - - - - - - - - - - - - - - - - - - - - - - - - - - - - - - - - - - - - - -

     360.0 |     18.01736 (19061024)      7.82914m(19060724)      4.38125 (19051424)
      10.0 |     14.19001m(19060724)      7.92120 (19070324)      4.80595 (19051024)
      20.0 |     16.53352 (19062424)      7.71253 (19062424)      4.51408 (19072424)
      30.0 |     19.38192 (19060224)      7.57222 (19053124)      3.60542 (19071424)
      40.0 |     15.04777 (19061424)      6.11982m(19073124)      3.65524 (19071424)
      50.0 |     13.14194 (19061624)      5.33567 (19061624)      2.76530 (19052724)
      60.0 |     14.68167 (19061624)      6.69571 (19061624)      4.49500 (19061424)
      70.0 |     20.52183 (19061824)      8.34844 (19033124)      5.64435m(19060624)
      80.0 |     20.28365 (19051624)      8.51809 (19061824)      4.60907 (19070924)
      90.0 |     16.94478 (19030124)      8.18853 (19061524)      4.75952 (19042424)
     100.0 |     16.32871c(19072724)      7.19749 (19030424)      4.31388 (19032724)
     110.0 |     13.61710 (19063024)      4.85002 (19062224)      2.12274 (19063024)
     120.0 |     11.42552 (19072024)      4.16545 (19040724)      1.36237 (19042624)
     130.0 |     14.79563 (19072124)      4.56718 (19042224)      1.79651 (19040724)
     140.0 |     13.09292 (19051724)      5.07770 (19050424)      2.18153 (19033024)
     150.0 |     13.13703 (19030924)      4.66651 (19030924)      2.15026 (19051924)
     160.0 |     15.64374 (19042124)      5.46379 (19052324)      2.91265 (19042924)
     170.0 |     18.16956m(19080124)      7.84274 (19052824)      4.32900m(19032024)
     180.0 |     15.31116 (19042524)      6.05503 (19050924)      3.48469 (19050924)
     190.0 |     14.32835 (19061824)      5.24696 (19061124)      3.03769 (19052324)
     200.0 |     11.20213 (19062024)      4.41938 (19070524)      2.08829 (19070124)
     210.0 |      9.03850 (19062224)      3.98826 (19041624)      2.28096 (19041624)
     220.0 |      9.02350 (19070524)      4.03980 (19051424)      3.09652 (19051424)
     230.0 |      8.99193 (19060924)      3.37911 (19040324)      1.89638 (19061324)
     240.0 |      6.64998 (19060924)      3.27244 (19040324)      1.99627 (19030324)
     250.0 |     10.13556 (19050624)      3.89401 (19072124)      2.07183 (19072124)
     260.0 |     11.71711 (19030624)      5.30525 (19071624)      3.04123m(19041524)
     270.0 |     14.72203 (19072124)      6.76739m(19073124)      4.50545m(19030724)
     280.0 |     14.37729 (19032724)      6.83128m(19080124)      4.32528 (19050524)
     290.0 |     15.25396 (19070524)      6.64088 (19060324)      4.23511m(19041324)
     300.0 |     13.71319 (19060124)      5.62937 (19052524)      3.52230 (19060524)
     310.0 |     15.74282 (19070624)      6.77819 (19052624)      3.99811 (19072924)
     320.0 |     15.74070 (19072924)      6.42274 (19031824)      4.25933 (19060424)
     330.0 |     17.16608 (19070224)      7.02600c(19072724)      4.43358 (19062624)
     340.0 |     18.08070 (19032624)      7.76293 (19032624)      3.86036 (19070724)
     350.0 |     17.19439 (19061324)      7.56450 (19032224)      4.23861 (19071124)
 *** AERMOD - VERSION  19191 ***   *** Aermod Basic Example                                                 ***        06/01/20
 *** AERMET - VERSION  19191 ***   ***                                                                      ***        12:14:47
                                                                                                                       PAGE  14
 *** MODELOPTs:    CONC  ELEV  RURAL

                                        *** THE SUMMARY OF MAXIMUM PERIOD (  3696 HRS) RESULTS ***


                                    ** CONC OF CH4      IN MICROGRAMS/M**3                          **

                                                                                                             NETWORK
GROUP ID                       AVERAGE CONC                RECEPTOR  (XR, YR, ZELEV, ZHILL, ZFLAG)  OF TYPE  GRID-ID
- - - - - - - - - - - - - - - - - - - - - - - - - - - - - - - - - - - - - - - - - - - - - - - - - - - - - - - - - - - - 

ALL       1ST HIGHEST VALUE IS       4.74714 AT (  496866.20,  4425383.41,  1630.90,  1630.90,    0.00)  GP  NET1    
          2ND HIGHEST VALUE IS       4.71138 AT (  496870.00,  4425340.00,  1629.40,  1629.40,    0.00)  GP  NET1    
          3RD HIGHEST VALUE IS       4.63449 AT (  496663.41,  4425093.80,  1622.00,  1632.00,    0.00)  GP  NET1    
          4TH HIGHEST VALUE IS       4.51015 AT (  496854.92,  4425425.51,  1629.00,  1629.00,    0.00)  GP  NET1    
          5TH HIGHEST VALUE IS       4.49232 AT (  496534.49,  4425574.92,  1612.60,  1612.60,    0.00)  GP  NET1    
          6TH HIGHEST VALUE IS       4.47124 AT (  496866.20,  4425296.59,  1632.30,  1632.30,    0.00)  GP  NET1    
          7TH HIGHEST VALUE IS       4.38332 AT (  496745.00,  4425556.51,  1621.50,  1624.60,    0.00)  GP  NET1    
          8TH HIGHEST VALUE IS       4.28404 AT (  496495.00,  4425556.51,  1612.40,  1612.40,    0.00)  GP  NET1    
          9TH HIGHEST VALUE IS       4.24454 AT (  496576.59,  4425586.20,  1612.60,  1612.60,    0.00)  GP  NET1    
         10TH HIGHEST VALUE IS       4.22919 AT (  496373.80,  4425383.41,  1614.00,  1614.80,    0.00)  GP  NET1    


 *** RECEPTOR TYPES:  GC = GRIDCART
                      GP = GRIDPOLR
                      DC = DISCCART
                      DP = DISCPOLR
 *** AERMOD - VERSION  19191 ***   *** Aermod Basic Example                                                 ***        06/01/20
 *** AERMET - VERSION  19191 ***   ***                                                                      ***        12:14:47
                                                                                                                       PAGE  15
 *** MODELOPTs:    CONC  ELEV  RURAL

                                                *** THE SUMMARY OF HIGHEST  3-HR RESULTS ***


                                    ** CONC OF CH4      IN MICROGRAMS/M**3                          **

                                                      DATE                                                                    NETWORK
GROUP ID                          AVERAGE CONC     (YYMMDDHH)             RECEPTOR  (XR, YR, ZELEV, ZHILL, ZFLAG)    OF TYPE  GRID-ID
- - - - - - - - - - - - - - - - - - - - - - - - - - - - - - - - - - - - - - - - - - - - - - - - - - - - - - - - - - - - - - - - - - 
  
ALL      HIGH   1ST HIGH VALUE IS     198.89894  ON 19061603: AT (  496870.00,  4425340.00,  1629.40,  1629.40,    0.00)  GP  NET1    
         HIGH   8TH HIGH VALUE IS      90.49220  ON 19070906: AT (  496854.92,  4425425.51,  1629.00,  1629.00,    0.00)  GP  NET1    


 *** RECEPTOR TYPES:  GC = GRIDCART
                      GP = GRIDPOLR
                      DC = DISCCART
                      DP = DISCPOLR
 *** AERMOD - VERSION  19191 ***   *** Aermod Basic Example                                                 ***        06/01/20
 *** AERMET - VERSION  19191 ***   ***                                                                      ***        12:14:47
                                                                                                                       PAGE  16
 *** MODELOPTs:    CONC  ELEV  RURAL

                                                *** THE SUMMARY OF HIGHEST 24-HR RESULTS ***


                                    ** CONC OF CH4      IN MICROGRAMS/M**3                          **

                                                      DATE                                                                    NETWORK
GROUP ID                          AVERAGE CONC     (YYMMDDHH)             RECEPTOR  (XR, YR, ZELEV, ZHILL, ZFLAG)    OF TYPE  GRID-ID
- - - - - - - - - - - - - - - - - - - - - - - - - - - - - - - - - - - - - - - - - - - - - - - - - - - - - - - - - - - - - - - - - - 
  
ALL      HIGH   1ST HIGH VALUE IS      40.48783  ON 19072224: AT (  496428.49,  4425500.70,  1611.60,  1619.00,    0.00)  GP  NET1    
         HIGH   8TH HIGH VALUE IS      20.52183  ON 19061824: AT (  496854.92,  4425425.51,  1629.00,  1629.00,    0.00)  GP  NET1    


 *** RECEPTOR TYPES:  GC = GRIDCART
                      GP = GRIDPOLR
                      DC = DISCCART
                      DP = DISCPOLR
 *** AERMOD - VERSION  19191 ***   *** Aermod Basic Example                                                 ***        06/01/20
 *** AERMET - VERSION  19191 ***   ***                                                                      ***        12:14:47
                                                                                                                       PAGE  17
 *** MODELOPTs:    CONC  ELEV  RURAL

 *** Message Summary : AERMOD Model Execution ***

  --------- Summary of Total Messages --------
  
 A Total of            0 Fatal Error Message(s)
 A Total of            1 Warning Message(s)
 A Total of          211 Informational Message(s)

 A Total of         3696 Hours Were Processed

 A Total of            3 Calm Hours Identified

 A Total of          208 Missing Hours Identified (  5.63 Percent)
  
  
    ******** FATAL ERROR MESSAGES ******** 
               ***  NONE  ***         
  
  
    ********   WARNING MESSAGES   ******** 
 CO W207       6       ERRFIL: No Parameters Specified. Default Values Will Used.     ERRORFIL

    ************************************
    *** AERMOD Finishes Successfully ***
    ************************************

