** AERMAP - VERSION 18081                                              06/01/20
**                                                                     12:12:42
** Basic Exmaple AERMAP
** 
** A total of       1  NED files were used
** A total of     108  receptors were processed
** DOMAINXY 495479.93 4424271.48 13 497776.07 4426416.45 13
** ANCHORXY 0496620 4425340 0496620 4425340 13 3
** TERRHGTS EXTRACT
  
RE ELEVUNIT METERS
RE GRIDPOLR net1 STA
RE GRIDPOLR net1 ORIG s1
RE GRIDPOLR net1 DIST 250 500 750
RE GRIDPOLR net1 GDIR 36 0 10
   GRIDPOLR NET1     ELEV    1   1613.0   1614.9   1605.8
   GRIDPOLR NET1     ELEV    2   1613.2   1613.9   1607.6
   GRIDPOLR NET1     ELEV    3   1612.5   1614.3   1607.8
   GRIDPOLR NET1     ELEV    4   1621.5   1616.9   1606.1
   GRIDPOLR NET1     ELEV    5   1625.0   1615.5   1611.4
   GRIDPOLR NET1     ELEV    6   1627.2   1618.2   1613.5
   GRIDPOLR NET1     ELEV    7   1627.9   1621.8   1620.4
   GRIDPOLR NET1     ELEV    8   1629.0   1625.4   1618.2
   GRIDPOLR NET1     ELEV    9   1630.9   1622.4   1628.3
   GRIDPOLR NET1     ELEV   10   1629.4   1632.3   1635.6
   GRIDPOLR NET1     ELEV   11   1632.3   1635.1   1642.1
   GRIDPOLR NET1     ELEV   12   1632.5   1639.6   1650.1
   GRIDPOLR NET1     ELEV   13   1634.0   1642.2   1665.8
   GRIDPOLR NET1     ELEV   14   1629.3   1639.9   1662.3
   GRIDPOLR NET1     ELEV   15   1623.4   1634.8   1649.7
   GRIDPOLR NET1     ELEV   16   1627.0   1634.4   1645.4
   GRIDPOLR NET1     ELEV   17   1625.6   1637.8   1641.8
   GRIDPOLR NET1     ELEV   18   1622.0   1633.6   1632.3
   GRIDPOLR NET1     ELEV   19   1623.8   1633.4   1626.8
   GRIDPOLR NET1     ELEV   20   1624.3   1627.6   1619.3
   GRIDPOLR NET1     ELEV   21   1624.6   1622.9   1613.8
   GRIDPOLR NET1     ELEV   22   1624.6   1615.8   1612.6
   GRIDPOLR NET1     ELEV   23   1622.7   1606.1   1617.6
   GRIDPOLR NET1     ELEV   24   1619.8   1610.4   1604.5
   GRIDPOLR NET1     ELEV   25   1616.6   1608.0   1608.7
   GRIDPOLR NET1     ELEV   26   1611.4   1607.7   1600.7
   GRIDPOLR NET1     ELEV   27   1604.5   1602.5   1594.3
   GRIDPOLR NET1     ELEV   28   1607.6   1598.0   1599.0
   GRIDPOLR NET1     ELEV   29   1614.0   1608.7   1603.9
   GRIDPOLR NET1     ELEV   30   1617.5   1610.9   1599.8
   GRIDPOLR NET1     ELEV   31   1614.7   1608.1   1602.9
   GRIDPOLR NET1     ELEV   32   1611.6   1610.1   1603.6
   GRIDPOLR NET1     ELEV   33   1612.1   1611.4   1602.1
   GRIDPOLR NET1     ELEV   34   1612.4   1611.0   1605.2
   GRIDPOLR NET1     ELEV   35   1612.6   1614.7   1603.5
   GRIDPOLR NET1     ELEV   36   1612.6   1615.0   1605.3
   GRIDPOLR NET1     HILL    1   1622.9   1614.9   1605.8
   GRIDPOLR NET1     HILL    2   1633.0   1613.9   1607.6
   GRIDPOLR NET1     HILL    3   1633.0   1615.6   1607.8
   GRIDPOLR NET1     HILL    4   1624.6   1616.9   1618.6
   GRIDPOLR NET1     HILL    5   1625.0   1621.7   1611.4
   GRIDPOLR NET1     HILL    6   1631.1   1624.5   1618.5
   GRIDPOLR NET1     HILL    7   1627.9   1625.0   1624.1
   GRIDPOLR NET1     HILL    8   1629.0   1627.7   1618.2
   GRIDPOLR NET1     HILL    9   1630.9   1636.2   1634.6
   GRIDPOLR NET1     HILL   10   1629.4   1635.5   1635.6
   GRIDPOLR NET1     HILL   11   1632.3   1664.4   1663.7
   GRIDPOLR NET1     HILL   12   1638.5   1666.3   1666.3
   GRIDPOLR NET1     HILL   13   1637.0   1666.4   1665.8
   GRIDPOLR NET1     HILL   14   1638.1   1666.5   1663.6
   GRIDPOLR NET1     HILL   15   1639.1   1666.5   1657.7
   GRIDPOLR NET1     HILL   16   1627.0   1634.4   1645.4
   GRIDPOLR NET1     HILL   17   1627.7   1637.8   1641.8
   GRIDPOLR NET1     HILL   18   1632.0   1636.7   1636.7
   GRIDPOLR NET1     HILL   19   1630.6   1633.4   1628.3
   GRIDPOLR NET1     HILL   20   1627.8   1632.1   1631.8
   GRIDPOLR NET1     HILL   21   1625.1   1629.0   1628.4
   GRIDPOLR NET1     HILL   22   1624.6   1626.4   1628.0
   GRIDPOLR NET1     HILL   23   1622.7   1628.6   1617.6
   GRIDPOLR NET1     HILL   24   1621.5   1616.1   1617.6
   GRIDPOLR NET1     HILL   25   1621.0   1617.7   1609.9
   GRIDPOLR NET1     HILL   26   1621.5   1618.7   1601.5
   GRIDPOLR NET1     HILL   27   1623.8   1619.1   1596.3
   GRIDPOLR NET1     HILL   28   1618.3   1618.8   1604.4
   GRIDPOLR NET1     HILL   29   1614.8   1609.2   1606.2
   GRIDPOLR NET1     HILL   30   1617.5   1611.5   1604.3
   GRIDPOLR NET1     HILL   31   1618.6   1608.1   1602.9
   GRIDPOLR NET1     HILL   32   1619.0   1610.1   1603.6
   GRIDPOLR NET1     HILL   33   1612.1   1611.4   1602.1
   GRIDPOLR NET1     HILL   34   1612.4   1614.4   1605.2
   GRIDPOLR NET1     HILL   35   1612.6   1614.7   1603.5
   GRIDPOLR NET1     HILL   36   1612.6   1615.0   1605.3
RE GRIDPOLR net1 END
