** AERMAP - VERSION 18081                                              06/01/20
**                                                                     12:12:42

 
 Processing Receptor Location Data in RECCNV:
   Determining North American Datum (NAD) shift values in arc-seconds.
   Total shift (meters) includes both datum shift and projection shift
   for Lat/Lon to UTM coordinates.
 
   No NAD conversions required. All files are consistent with NADA =   3

 Checking Receptor Locations Relative to the Domain in CHKEXT;
   Domain and Receptor Coordinates in Arc-seconds and Degrees:

                  REC   LAT (sec)   LONG (sec)    LAT (deg)    LONG (deg)

 DOM LAT/LON#:         143956.501 -378093.777    39.9879170  -105.0260490
 REC LAT/LON#:      1  143929.681 -378142.509    39.9804670  -105.0395859
 DOM LAT/LON#:         143886.895 -378190.544    39.9685820  -105.0529290
  
 DOM LAT/LON#:         143956.501 -378093.777    39.9879170  -105.0260490
 REC LAT/LON#:      2  143937.790 -378142.514    39.9827195  -105.0395872
 DOM LAT/LON#:         143886.895 -378190.544    39.9685820  -105.0529290
  
 DOM LAT/LON#:         143956.501 -378093.777    39.9879170  -105.0260490
 REC LAT/LON#:      3  143945.899 -378142.518    39.9849719  -105.0395885
 DOM LAT/LON#:         143886.895 -378190.544    39.9685820  -105.0529290
  
 DOM LAT/LON#:         143956.501 -378093.777    39.9879170  -105.0260490
 REC LAT/LON#:      4  143929.559 -378140.679    39.9804329  -105.0390774
 DOM LAT/LON#:         143886.895 -378190.544    39.9685820  -105.0529290
  
 DOM LAT/LON#:         143956.501 -378093.777    39.9879170  -105.0260490
 REC LAT/LON#:      5  143937.545 -378138.853    39.9826514  -105.0385702
 DOM LAT/LON#:         143886.895 -378190.544    39.9685820  -105.0529290
  
 DOM LAT/LON#:         143956.501 -378093.777    39.9879170  -105.0260490
 REC LAT/LON#:      6  143945.531 -378137.027    39.9848698  -105.0380630
 DOM LAT/LON#:         143886.895 -378190.544    39.9685820  -105.0529290
  
 DOM LAT/LON#:         143956.501 -378093.777    39.9879170  -105.0260490
 REC LAT/LON#:      7  143929.193 -378138.904    39.9803315  -105.0385844
 DOM LAT/LON#:         143886.895 -378190.544    39.9685820  -105.0529290
  
 DOM LAT/LON#:         143956.501 -378093.777    39.9879170  -105.0260490
 REC LAT/LON#:      8  143936.814 -378135.303    39.9824484  -105.0375841
 DOM LAT/LON#:         143886.895 -378190.544    39.9685820  -105.0529290
  
 DOM LAT/LON#:         143956.501 -378093.777    39.9879170  -105.0260490
 REC LAT/LON#:      9  143944.435 -378131.702    39.9845654  -105.0365838
 DOM LAT/LON#:         143886.895 -378190.544    39.9685820  -105.0529290
  
 DOM LAT/LON#:         143956.501 -378093.777    39.9879170  -105.0260490
 REC LAT/LON#:     10  143928.597 -378137.238    39.9801657  -105.0381217
 DOM LAT/LON#:         143886.895 -378190.544    39.9685820  -105.0529290
  
 DOM LAT/LON#:         143956.501 -378093.777    39.9879170  -105.0260490
 REC LAT/LON#:     11  143935.621 -378131.972    39.9821169  -105.0366588
 DOM LAT/LON#:         143886.895 -378190.544    39.9685820  -105.0529290
  
 DOM LAT/LON#:         143956.501 -378093.777    39.9879170  -105.0260490
 REC LAT/LON#:     12  143942.645 -378126.705    39.9840680  -105.0351958
 DOM LAT/LON#:         143886.895 -378190.544    39.9685820  -105.0529290
  
 DOM LAT/LON#:         143956.501 -378093.777    39.9879170  -105.0260490
 REC LAT/LON#:     13  143927.786 -378135.733    39.9799406  -105.0377035
 DOM LAT/LON#:         143886.895 -378190.544    39.9685820  -105.0529290
  
 DOM LAT/LON#:         143956.501 -378093.777    39.9879170  -105.0260490
 REC LAT/LON#:     14  143934.000 -378128.961    39.9816667  -105.0358224
 DOM LAT/LON#:         143886.895 -378190.544    39.9685820  -105.0529290
  
 DOM LAT/LON#:         143956.501 -378093.777    39.9879170  -105.0260490
 REC LAT/LON#:     15  143940.214 -378122.188    39.9833928  -105.0339412
 DOM LAT/LON#:         143886.895 -378190.544    39.9685820  -105.0529290
  
 DOM LAT/LON#:         143956.501 -378093.777    39.9879170  -105.0260490
 REC LAT/LON#:     16  143926.787 -378134.433    39.9796631  -105.0373425
 DOM LAT/LON#:         143886.895 -378190.544    39.9685820  -105.0529290
  
 DOM LAT/LON#:         143956.501 -378093.777    39.9879170  -105.0260490
 REC LAT/LON#:     17  143932.002 -378126.361    39.9811117  -105.0351003
 DOM LAT/LON#:         143886.895 -378190.544    39.9685820  -105.0529290
  
 DOM LAT/LON#:         143956.501 -378093.777    39.9879170  -105.0260490
 REC LAT/LON#:     18  143937.217 -378118.289    39.9825602  -105.0328580
 DOM LAT/LON#:         143886.895 -378190.544    39.9685820  -105.0529290
  
 DOM LAT/LON#:         143956.501 -378093.777    39.9879170  -105.0260490
 REC LAT/LON#:     19  143925.630 -378133.378    39.9793416  -105.0370496
 DOM LAT/LON#:         143886.895 -378190.544    39.9685820  -105.0529290
  
 DOM LAT/LON#:         143956.501 -378093.777    39.9879170  -105.0260490
 REC LAT/LON#:     20  143929.687 -378124.252    39.9804686  -105.0345145
 DOM LAT/LON#:         143886.895 -378190.544    39.9685820  -105.0529290
  
 DOM LAT/LON#:         143956.501 -378093.777    39.9879170  -105.0260490
 REC LAT/LON#:     21  143933.744 -378115.126    39.9815956  -105.0319794
 DOM LAT/LON#:         143886.895 -378190.544    39.9685820  -105.0529290
  
 DOM LAT/LON#:         143956.501 -378093.777    39.9879170  -105.0260490
 REC LAT/LON#:     22  143924.349 -378132.601    39.9789858  -105.0368337
 DOM LAT/LON#:         143886.895 -378190.544    39.9685820  -105.0529290
  
 DOM LAT/LON#:         143956.501 -378093.777    39.9879170  -105.0260490
 REC LAT/LON#:     23  143927.125 -378122.698    39.9797571  -105.0340828
 DOM LAT/LON#:         143886.895 -378190.544    39.9685820  -105.0529290
  
 DOM LAT/LON#:         143956.501 -378093.777    39.9879170  -105.0260490
 REC LAT/LON#:     24  143929.902 -378112.794    39.9805282  -105.0313318
 DOM LAT/LON#:         143886.895 -378190.544    39.9685820  -105.0529290
  
 DOM LAT/LON#:         143956.501 -378093.777    39.9879170  -105.0260490
 REC LAT/LON#:     25  143922.984 -378132.125    39.9786066  -105.0367014
 DOM LAT/LON#:         143886.895 -378190.544    39.9685820  -105.0529290
  
 DOM LAT/LON#:         143956.501 -378093.777    39.9879170  -105.0260490
 REC LAT/LON#:     26  143924.395 -378121.746    39.9789986  -105.0338182
 DOM LAT/LON#:         143886.895 -378190.544    39.9685820  -105.0529290
  
 DOM LAT/LON#:         143956.501 -378093.777    39.9879170  -105.0260490
 REC LAT/LON#:     27  143925.806 -378111.366    39.9793906  -105.0309350
 DOM LAT/LON#:         143886.895 -378190.544    39.9685820  -105.0529290
  
 DOM LAT/LON#:         143956.501 -378093.777    39.9879170  -105.0260490
 REC LAT/LON#:     28  143921.576 -378131.964    39.9782155  -105.0366567
 DOM LAT/LON#:         143886.895 -378190.544    39.9685820  -105.0529290
  
 DOM LAT/LON#:         143956.501 -378093.777    39.9879170  -105.0260490
 REC LAT/LON#:     29  143921.579 -378121.424    39.9782164  -105.0337289
 DOM LAT/LON#:         143886.895 -378190.544    39.9685820  -105.0529290
  
 DOM LAT/LON#:         143956.501 -378093.777    39.9879170  -105.0260490
 REC LAT/LON#:     30  143921.582 -378110.884    39.9782172  -105.0308010
 DOM LAT/LON#:         143886.895 -378190.544    39.9685820  -105.0529290
  
 DOM LAT/LON#:         143956.501 -378093.777    39.9879170  -105.0260490
 REC LAT/LON#:     31  143920.168 -378132.124    39.9778243  -105.0367010
 DOM LAT/LON#:         143886.895 -378190.544    39.9685820  -105.0529290
  
 DOM LAT/LON#:         143956.501 -378093.777    39.9879170  -105.0260490
 REC LAT/LON#:     32  143918.763 -378121.743    39.9774341  -105.0338174
 DOM LAT/LON#:         143886.895 -378190.544    39.9685820  -105.0529290
  
 DOM LAT/LON#:         143956.501 -378093.777    39.9879170  -105.0260490
 REC LAT/LON#:     33  143917.358 -378111.362    39.9770438  -105.0309339
 DOM LAT/LON#:         143886.895 -378190.544    39.9685820  -105.0529290
  
 DOM LAT/LON#:         143956.501 -378093.777    39.9879170  -105.0260490
 REC LAT/LON#:     34  143918.802 -378132.598    39.9774451  -105.0368329
 DOM LAT/LON#:         143886.895 -378190.544    39.9685820  -105.0529290
  
 DOM LAT/LON#:         143956.501 -378093.777    39.9879170  -105.0260490
 REC LAT/LON#:     35  143916.032 -378122.692    39.9766755  -105.0340812
 DOM LAT/LON#:         143886.895 -378190.544    39.9685820  -105.0529290
  
 DOM LAT/LON#:         143956.501 -378093.777    39.9879170  -105.0260490
 REC LAT/LON#:     36  143913.261 -378112.787    39.9759059  -105.0313297
 DOM LAT/LON#:         143886.895 -378190.544    39.9685820  -105.0529290
  
 DOM LAT/LON#:         143956.501 -378093.777    39.9879170  -105.0260490
 REC LAT/LON#:     37  143917.521 -378133.374    39.9770891  -105.0370484
 DOM LAT/LON#:         143886.895 -378190.544    39.9685820  -105.0529290
  
 DOM LAT/LON#:         143956.501 -378093.777    39.9879170  -105.0260490
 REC LAT/LON#:     38  143913.469 -378124.244    39.9759637  -105.0345122
 DOM LAT/LON#:         143886.895 -378190.544    39.9685820  -105.0529290
  
 DOM LAT/LON#:         143956.501 -378093.777    39.9879170  -105.0260490
 REC LAT/LON#:     39  143909.418 -378115.114    39.9748382  -105.0319762
 DOM LAT/LON#:         143886.895 -378190.544    39.9685820  -105.0529290
  
 DOM LAT/LON#:         143956.501 -378093.777    39.9879170  -105.0260490
 REC LAT/LON#:     40  143916.363 -378134.427    39.9767674  -105.0373409
 DOM LAT/LON#:         143886.895 -378190.544    39.9685820  -105.0529290
  
 DOM LAT/LON#:         143956.501 -378093.777    39.9879170  -105.0260490
 REC LAT/LON#:     41  143911.153 -378126.350    39.9753203  -105.0350974
 DOM LAT/LON#:         143886.895 -378190.544    39.9685820  -105.0529290
  
 DOM LAT/LON#:         143956.501 -378093.777    39.9879170  -105.0260490
 REC LAT/LON#:     42  143905.943 -378118.274    39.9738731  -105.0328539
 DOM LAT/LON#:         143886.895 -378190.544    39.9685820  -105.0529290
  
 DOM LAT/LON#:         143956.501 -378093.777    39.9879170  -105.0260490
 REC LAT/LON#:     43  143915.363 -378135.726    39.9764897  -105.0377016
 DOM LAT/LON#:         143886.895 -378190.544    39.9685820  -105.0529290
  
 DOM LAT/LON#:         143956.501 -378093.777    39.9879170  -105.0260490
 REC LAT/LON#:     44  143909.153 -378128.948    39.9747648  -105.0358188
 DOM LAT/LON#:         143886.895 -378190.544    39.9685820  -105.0529290
  
 DOM LAT/LON#:         143956.501 -378093.777    39.9879170  -105.0260490
 REC LAT/LON#:     45  143902.944 -378122.170    39.9730399  -105.0339360
 DOM LAT/LON#:         143886.895 -378190.544    39.9685820  -105.0529290
  
 DOM LAT/LON#:         143956.501 -378093.777    39.9879170  -105.0260490
 REC LAT/LON#:     46  143914.552 -378137.230    39.9762643  -105.0381196
 DOM LAT/LON#:         143886.895 -378190.544    39.9685820  -105.0529290
  
 DOM LAT/LON#:         143956.501 -378093.777    39.9879170  -105.0260490
 REC LAT/LON#:     47  143907.531 -378131.957    39.9743141  -105.0366546
 DOM LAT/LON#:         143886.895 -378190.544    39.9685820  -105.0529290
  
 DOM LAT/LON#:         143956.501 -378093.777    39.9879170  -105.0260490
 REC LAT/LON#:     48  143900.510 -378126.683    39.9723639  -105.0351898
 DOM LAT/LON#:         143886.895 -378190.544    39.9685820  -105.0529290
  
 DOM LAT/LON#:         143956.501 -378093.777    39.9879170  -105.0260490
 REC LAT/LON#:     49  143913.954 -378138.895    39.9760983  -105.0385820
 DOM LAT/LON#:         143886.895 -378190.544    39.9685820  -105.0529290
  
 DOM LAT/LON#:         143956.501 -378093.777    39.9879170  -105.0260490
 REC LAT/LON#:     50  143906.335 -378135.286    39.9739820  -105.0375795
 DOM LAT/LON#:         143886.895 -378190.544    39.9685820  -105.0529290
  
 DOM LAT/LON#:         143956.501 -378093.777    39.9879170  -105.0260490
 REC LAT/LON#:     51  143898.716 -378131.677    39.9718657  -105.0365770
 DOM LAT/LON#:         143886.895 -378190.544    39.9685820  -105.0529290
  
 DOM LAT/LON#:         143956.501 -378093.777    39.9879170  -105.0260490
 REC LAT/LON#:     52  143913.587 -378140.670    39.9759965  -105.0390749
 DOM LAT/LON#:         143886.895 -378190.544    39.9685820  -105.0529290
  
 DOM LAT/LON#:         143956.501 -378093.777    39.9879170  -105.0260490
 REC LAT/LON#:     53  143905.602 -378138.835    39.9737784  -105.0385652
 DOM LAT/LON#:         143886.895 -378190.544    39.9685820  -105.0529290
  
 DOM LAT/LON#:         143956.501 -378093.777    39.9879170  -105.0260490
 REC LAT/LON#:     54  143897.617 -378137.000    39.9715603  -105.0380556
 DOM LAT/LON#:         143886.895 -378190.544    39.9685820  -105.0529290
  
 DOM LAT/LON#:         143956.501 -378093.777    39.9879170  -105.0260490
 REC LAT/LON#:     55  143913.463 -378142.500    39.9759621  -105.0395833
 DOM LAT/LON#:         143886.895 -378190.544    39.9685820  -105.0529290
  
 DOM LAT/LON#:         143956.501 -378093.777    39.9879170  -105.0260490
 REC LAT/LON#:     56  143905.355 -378142.495    39.9737096  -105.0395820
 DOM LAT/LON#:         143886.895 -378190.544    39.9685820  -105.0529290
  
 DOM LAT/LON#:         143956.501 -378093.777    39.9879170  -105.0260490
 REC LAT/LON#:     57  143897.246 -378142.490    39.9714572  -105.0395807
 DOM LAT/LON#:         143886.895 -378190.544    39.9685820  -105.0529290
  
 DOM LAT/LON#:         143956.501 -378093.777    39.9879170  -105.0260490
 REC LAT/LON#:     58  143913.586 -378144.330    39.9759961  -105.0400917
 DOM LAT/LON#:         143886.895 -378190.544    39.9685820  -105.0529290
  
 DOM LAT/LON#:         143956.501 -378093.777    39.9879170  -105.0260490
 REC LAT/LON#:     59  143905.600 -378146.156    39.9737777  -105.0405988
 DOM LAT/LON#:         143886.895 -378190.544    39.9685820  -105.0529290
  
 DOM LAT/LON#:         143956.501 -378093.777    39.9879170  -105.0260490
 REC LAT/LON#:     60  143897.613 -378147.981    39.9715593  -105.0411058
 DOM LAT/LON#:         143886.895 -378190.544    39.9685820  -105.0529290
  
 DOM LAT/LON#:         143956.501 -378093.777    39.9879170  -105.0260490
 REC LAT/LON#:     61  143913.951 -378146.105    39.9760976  -105.0405847
 DOM LAT/LON#:         143886.895 -378190.544    39.9685820  -105.0529290
  
 DOM LAT/LON#:         143956.501 -378093.777    39.9879170  -105.0260490
 REC LAT/LON#:     62  143906.330 -378149.705    39.9739806  -105.0415848
 DOM LAT/LON#:         143886.895 -378190.544    39.9685820  -105.0529290
  
 DOM LAT/LON#:         143956.501 -378093.777    39.9879170  -105.0260490
 REC LAT/LON#:     63  143898.709 -378153.305    39.9718636  -105.0425848
 DOM LAT/LON#:         143886.895 -378190.544    39.9685820  -105.0529290
  
 DOM LAT/LON#:         143956.501 -378093.777    39.9879170  -105.0260490
 REC LAT/LON#:     64  143914.548 -378147.770    39.9762633  -105.0410473
 DOM LAT/LON#:         143886.895 -378190.544    39.9685820  -105.0529290
  
 DOM LAT/LON#:         143956.501 -378093.777    39.9879170  -105.0260490
 REC LAT/LON#:     65  143907.524 -378153.036    39.9743121  -105.0425100
 DOM LAT/LON#:         143886.895 -378190.544    39.9685820  -105.0529290
  
 DOM LAT/LON#:         143956.501 -378093.777    39.9879170  -105.0260490
 REC LAT/LON#:     66  143900.499 -378158.301    39.9723609  -105.0439726
 DOM LAT/LON#:         143886.895 -378190.544    39.9685820  -105.0529290
  
 DOM LAT/LON#:         143956.501 -378093.777    39.9879170  -105.0260490
 REC LAT/LON#:     67  143915.358 -378149.276    39.9764884  -105.0414655
 DOM LAT/LON#:         143886.895 -378190.544    39.9685820  -105.0529290
  
 DOM LAT/LON#:         143956.501 -378093.777    39.9879170  -105.0260490
 REC LAT/LON#:     68  143909.144 -378156.047    39.9747622  -105.0433464
 DOM LAT/LON#:         143886.895 -378190.544    39.9685820  -105.0529290
  
 DOM LAT/LON#:         143956.501 -378093.777    39.9879170  -105.0260490
 REC LAT/LON#:     69  143902.930 -378162.818    39.9730360  -105.0452271
 DOM LAT/LON#:         143886.895 -378190.544    39.9685820  -105.0529290
  
 DOM LAT/LON#:         143956.501 -378093.777    39.9879170  -105.0260490
 REC LAT/LON#:     70  143916.357 -378150.576    39.9767659  -105.0418265
 DOM LAT/LON#:         143886.895 -378190.544    39.9685820  -105.0529290
  
 DOM LAT/LON#:         143956.501 -378093.777    39.9879170  -105.0260490
 REC LAT/LON#:     71  143911.142 -378158.646    39.9753172  -105.0440684
 DOM LAT/LON#:         143886.895 -378190.544    39.9685820  -105.0529290
  
 DOM LAT/LON#:         143956.501 -378093.777    39.9879170  -105.0260490
 REC LAT/LON#:     72  143905.927 -378166.717    39.9738685  -105.0463102
 DOM LAT/LON#:         143886.895 -378190.544    39.9685820  -105.0529290
  
 DOM LAT/LON#:         143956.501 -378093.777    39.9879170  -105.0260490
 REC LAT/LON#:     73  143917.515 -378151.630    39.9770874  -105.0421195
 DOM LAT/LON#:         143886.895 -378190.544    39.9685820  -105.0529290
  
 DOM LAT/LON#:         143956.501 -378093.777    39.9879170  -105.0260490
 REC LAT/LON#:     74  143913.457 -378160.755    39.9759602  -105.0446543
 DOM LAT/LON#:         143886.895 -378190.544    39.9685820  -105.0529290
  
 DOM LAT/LON#:         143956.501 -378093.777    39.9879170  -105.0260490
 REC LAT/LON#:     75  143909.399 -378169.880    39.9748330  -105.0471890
 DOM LAT/LON#:         143886.895 -378190.544    39.9685820  -105.0529290
  
 DOM LAT/LON#:         143956.501 -378093.777    39.9879170  -105.0260490
 REC LAT/LON#:     76  143918.795 -378152.407    39.9774432  -105.0423354
 DOM LAT/LON#:         143886.895 -378190.544    39.9685820  -105.0529290
  
 DOM LAT/LON#:         143956.501 -378093.777    39.9879170  -105.0260490
 REC LAT/LON#:     77  143916.018 -378162.310    39.9766718  -105.0450861
 DOM LAT/LON#:         143886.895 -378190.544    39.9685820  -105.0529290
  
 DOM LAT/LON#:         143956.501 -378093.777    39.9879170  -105.0260490
 REC LAT/LON#:     78  143913.241 -378172.212    39.9759003  -105.0478368
 DOM LAT/LON#:         143886.895 -378190.544    39.9685820  -105.0529290
  
 DOM LAT/LON#:         143956.501 -378093.777    39.9879170  -105.0260490
 REC LAT/LON#:     79  143920.161 -378152.884    39.9778224  -105.0424677
 DOM LAT/LON#:         143886.895 -378190.544    39.9685820  -105.0529290
  
 DOM LAT/LON#:         143956.501 -378093.777    39.9879170  -105.0260490
 REC LAT/LON#:     80  143918.749 -378163.263    39.9774302  -105.0453508
 DOM LAT/LON#:         143886.895 -378190.544    39.9685820  -105.0529290
  
 DOM LAT/LON#:         143956.501 -378093.777    39.9879170  -105.0260490
 REC LAT/LON#:     81  143917.336 -378173.642    39.9770379  -105.0482339
 DOM LAT/LON#:         143886.895 -378190.544    39.9685820  -105.0529290
  
 DOM LAT/LON#:         143956.501 -378093.777    39.9879170  -105.0260490
 REC LAT/LON#:     82  143921.569 -378153.045    39.9782135  -105.0425124
 DOM LAT/LON#:         143886.895 -378190.544    39.9685820  -105.0529290
  
 DOM LAT/LON#:         143956.501 -378093.777    39.9879170  -105.0260490
 REC LAT/LON#:     83  143921.565 -378163.585    39.9782124  -105.0454403
 DOM LAT/LON#:         143886.895 -378190.544    39.9685820  -105.0529290
  
 DOM LAT/LON#:         143956.501 -378093.777    39.9879170  -105.0260490
 REC LAT/LON#:     84  143921.560 -378174.125    39.9782112  -105.0483681
 DOM LAT/LON#:         143886.895 -378190.544    39.9685820  -105.0529290
  
 DOM LAT/LON#:         143956.501 -378093.777    39.9879170  -105.0260490
 REC LAT/LON#:     85  143922.977 -378152.885    39.9786047  -105.0424682
 DOM LAT/LON#:         143886.895 -378190.544    39.9685820  -105.0529290
  
 DOM LAT/LON#:         143956.501 -378093.777    39.9879170  -105.0260490
 REC LAT/LON#:     86  143924.381 -378163.267    39.9789947  -105.0453518
 DOM LAT/LON#:         143886.895 -378190.544    39.9685820  -105.0529290
  
 DOM LAT/LON#:         143956.501 -378093.777    39.9879170  -105.0260490
 REC LAT/LON#:     87  143925.785 -378173.648    39.9793847  -105.0482355
 DOM LAT/LON#:         143886.895 -378190.544    39.9685820  -105.0529290
  
 DOM LAT/LON#:         143956.501 -378093.777    39.9879170  -105.0260490
 REC LAT/LON#:     88  143924.342 -378152.411    39.9789840  -105.0423363
 DOM LAT/LON#:         143886.895 -378190.544    39.9685820  -105.0529290
  
 DOM LAT/LON#:         143956.501 -378093.777    39.9879170  -105.0260490
 REC LAT/LON#:     89  143927.112 -378162.317    39.9797533  -105.0450881
 DOM LAT/LON#:         143886.895 -378190.544    39.9685820  -105.0529290
  
 DOM LAT/LON#:         143956.501 -378093.777    39.9879170  -105.0260490
 REC LAT/LON#:     90  143929.881 -378172.224    39.9805226  -105.0478400
 DOM LAT/LON#:         143886.895 -378190.544    39.9685820  -105.0529290
  
 DOM LAT/LON#:         143956.501 -378093.777    39.9879170  -105.0260490
 REC LAT/LON#:     91  143925.624 -378151.635    39.9793399  -105.0421208
 DOM LAT/LON#:         143886.895 -378190.544    39.9685820  -105.0529290
  
 DOM LAT/LON#:         143956.501 -378093.777    39.9879170  -105.0260490
 REC LAT/LON#:     92  143929.675 -378160.766    39.9804652  -105.0446572
 DOM LAT/LON#:         143886.895 -378190.544    39.9685820  -105.0529290
  
 DOM LAT/LON#:         143956.501 -378093.777    39.9879170  -105.0260490
 REC LAT/LON#:     93  143933.725 -378169.897    39.9815904  -105.0471937
 DOM LAT/LON#:         143886.895 -378190.544    39.9685820  -105.0529290
  
 DOM LAT/LON#:         143956.501 -378093.777    39.9879170  -105.0260490
 REC LAT/LON#:     94  143926.782 -378150.582    39.9796616  -105.0418283
 DOM LAT/LON#:         143886.895 -378190.544    39.9685820  -105.0529290
  
 DOM LAT/LON#:         143956.501 -378093.777    39.9879170  -105.0260490
 REC LAT/LON#:     95  143931.991 -378158.660    39.9811086  -105.0440722
 DOM LAT/LON#:         143886.895 -378190.544    39.9685820  -105.0529290
  
 DOM LAT/LON#:         143956.501 -378093.777    39.9879170  -105.0260490
 REC LAT/LON#:     96  143937.200 -378166.738    39.9825556  -105.0463161
 DOM LAT/LON#:         143886.895 -378190.544    39.9685820  -105.0529290
  
 DOM LAT/LON#:         143956.501 -378093.777    39.9879170  -105.0260490
 REC LAT/LON#:     97  143927.782 -378149.283    39.9799394  -105.0414676
 DOM LAT/LON#:         143886.895 -378190.544    39.9685820  -105.0529290
  
 DOM LAT/LON#:         143956.501 -378093.777    39.9879170  -105.0260490
 REC LAT/LON#:     98  143933.991 -378156.063    39.9816642  -105.0433507
 DOM LAT/LON#:         143886.895 -378190.544    39.9685820  -105.0529290
  
 DOM LAT/LON#:         143956.501 -378093.777    39.9879170  -105.0260490
 REC LAT/LON#:     99  143940.200 -378162.842    39.9833889  -105.0452339
 DOM LAT/LON#:         143886.895 -378190.544    39.9685820  -105.0529290
  
 DOM LAT/LON#:         143956.501 -378093.777    39.9879170  -105.0260490
 REC LAT/LON#:    100  143928.593 -378147.779    39.9801647  -105.0410497
 DOM LAT/LON#:         143886.895 -378190.544    39.9685820  -105.0529290
  
 DOM LAT/LON#:         143956.501 -378093.777    39.9879170  -105.0260490
 REC LAT/LON#:    101  143935.614 -378153.053    39.9821149  -105.0425148
 DOM LAT/LON#:         143886.895 -378190.544    39.9685820  -105.0529290
  
 DOM LAT/LON#:         143956.501 -378093.777    39.9879170  -105.0260490
 REC LAT/LON#:    102  143942.634 -378158.328    39.9840650  -105.0439801
 DOM LAT/LON#:         143886.895 -378190.544    39.9685820  -105.0529290
  
 DOM LAT/LON#:         143956.501 -378093.777    39.9879170  -105.0260490
 REC LAT/LON#:    103  143929.191 -378146.114    39.9803308  -105.0405872
 DOM LAT/LON#:         143886.895 -378190.544    39.9685820  -105.0529290
  
 DOM LAT/LON#:         143956.501 -378093.777    39.9879170  -105.0260490
 REC LAT/LON#:    104  143936.809 -378149.724    39.9824471  -105.0415899
 DOM LAT/LON#:         143886.895 -378190.544    39.9685820  -105.0529290
  
 DOM LAT/LON#:         143956.501 -378093.777    39.9879170  -105.0260490
 REC LAT/LON#:    105  143944.428 -378153.334    39.9845633  -105.0425927
 DOM LAT/LON#:         143886.895 -378190.544    39.9685820  -105.0529290
  
 DOM LAT/LON#:         143956.501 -378093.777    39.9879170  -105.0260490
 REC LAT/LON#:    106  143929.557 -378144.339    39.9804326  -105.0400943
 DOM LAT/LON#:         143886.895 -378190.544    39.9685820  -105.0529290
  
 DOM LAT/LON#:         143956.501 -378093.777    39.9879170  -105.0260490
 REC LAT/LON#:    107  143937.542 -378146.174    39.9826507  -105.0406040
 DOM LAT/LON#:         143886.895 -378190.544    39.9685820  -105.0529290
  
 DOM LAT/LON#:         143956.501 -378093.777    39.9879170  -105.0260490
 REC LAT/LON#:    108  143945.527 -378148.010    39.9848687  -105.0411138
 DOM LAT/LON#:         143886.895 -378190.544    39.9685820  -105.0529290
  
